<?xml version="1.0" encoding="UTF-8"?>
<!-- Generated by org.testng.reporters.JUnitReportReporter -->
<testsuite hostname="Admin-PC" name="com.WalletCartTestScripts.WalletTest2" tests="1" failures="0" timestamp="12 Nov 2017 18:06:28 GMT" time="69.241" errors="0">
  <testcase name="walletTest" time="69.241" classname="com.WalletCartTestScripts.WalletTest2"/>
</testsuite> <!-- com.WalletCartTestScripts.WalletTest2 -->
